<?xml version="1.0" encoding="utf-8"?><testsuites name="pytest tests"><testsuite name="pytest" errors="0" failures="1" skipped="0" tests="32" time="17.216" timestamp="2026-09-02T16:39:26.018249+00:00" hostname="agent-env-b0a08a74-66ac-4571-b0f1-47d6a15a6f2c"><testcase classname="tests.test_quortiv_regression.TestAuth" name="test_auth_me_unauthenticated_401" time="0.421" /><testcase classname="tests.test_quortiv_regression.TestAuth" name="test_auth_me_bad_token_401" time="0.223" /><testcase classname="tests.test_quortiv_regression.TestAuth" name="test_auth_me_ok" time="0.463" /><testcase classname="tests.test_quortiv_regression.TestAuth" name="test_patch_prefs_language" time="0.326" /><testcase classname="tests.test_quortiv_regression.TestAuth" name="test_logout" time="0.567" /><testcase classname="tests.test_quortiv_regression.TestCaptureValidation" name="test_from_text_empty_400" time="0.123" /><testcase classname="tests.test_quortiv_regression.TestCaptureValidation" name="test_from_url_invalid_400" time="0.145" /><testcase classname="tests.test_quortiv_regression.TestCaptureValidation" name="test_upload_bad_extension_415" time="0.139" /><testcase classname="tests.test_quortiv_regression.TestCaptureValidation" name="test_from_document_bad_extension_415" time="0.265" /><testcase classname="tests.test_quortiv_regression.TestCaptureValidation" name="test_from_document_pdf" time="0.215"><failure message="assert 500 in (200, 400, 422)&#10; +  where 500 = &lt;Response [500]&gt;.status_code">backend/tests/test_quortiv_regression.py:137: in test_from_document_pdf
    assert r.status_code in (200, 400, 422)
E   assert 500 in (200, 400, 422)
E    +  where 500 = &lt;Response [500]&gt;.status_code</failure></testcase><testcase classname="tests.test_quortiv_regression.TestTemplates" name="test_templates_count_min_10" time="0.132" /><testcase classname="tests.test_quortiv_regression.TestTemplates" name="test_builtin_template_cannot_be_patched" time="0.274" /><testcase classname="tests.test_quortiv_regression.TestTemplates" name="test_builtin_template_cannot_be_deleted" time="0.374" /><testcase classname="tests.test_quortiv_regression.TestTemplates" name="test_builtin_template_duplicate" time="0.554" /><testcase classname="tests.test_quortiv_regression.TestInsights" name="test_stats" time="0.155" /><testcase classname="tests.test_quortiv_regression.TestInsights" name="test_analytics" time="0.188" /><testcase classname="tests.test_quortiv_regression.TestInsights" name="test_graph" time="0.143" /><testcase classname="tests.test_quortiv_regression.TestFolders" name="test_folders_seeded" time="0.172" /><testcase classname="tests.test_quortiv_regression.TestFolders" name="test_folder_delete_with_move" time="0.657" /><testcase classname="tests.test_quortiv_regression.TestNotesLifecycle" name="test_notes_list_envelope" time="7.278" /><testcase classname="tests.test_quortiv_regression.TestNotesLifecycle" name="test_notes_filter_source_type" time="0.158" /><testcase classname="tests.test_quortiv_regression.TestNotesLifecycle" name="test_notes_search" time="0.143" /><testcase classname="tests.test_quortiv_regression.TestNotesLifecycle" name="test_note_export_pdf_magic" time="0.217" /><testcase classname="tests.test_quortiv_regression.TestNotesLifecycle" name="test_note_export_md_and_txt" time="0.352" /><testcase classname="tests.test_quortiv_regression.TestNotesLifecycle" name="test_note_plain" time="0.160" /><testcase classname="tests.test_quortiv_regression.TestNotesLifecycle" name="test_share_public_lifecycle" time="0.737" /><testcase classname="tests.test_quortiv_regression.TestNotesLifecycle" name="test_chat_and_history" time="1.771" /><testcase classname="tests.test_quortiv_regression.TestNotesLifecycle" name="test_smart_search" time="1.613" /><testcase classname="tests.test_quortiv_regression.TestAccountLifecycle" name="test_export_and_delete_flow" time="0.838" /><testcase classname="tests.test_quortiv_regression.TestSecurity" name="test_cross_user_note_not_found" time="10.306" /><testcase classname="tests.test_quortiv_regression.TestSecurity" name="test_cross_user_share_delete" time="0.147" /><testcase classname="tests.test_quortiv_regression.TestReminders" name="test_reminder_done_propagates" time="0.822" /></testsuite></testsuites>