<?xml version="1.0" encoding="utf-8"?><testsuites name="pytest tests"><testsuite name="pytest" errors="0" failures="0" skipped="0" tests="12" time="7.049" timestamp="2026-09-02T14:02:01.069585+00:00" hostname="agent-env-b0a08a74-66ac-4571-b0f1-47d6a15a6f2c"><testcase classname="tests.test_smartnoter.TestAuth" name="test_guest_login" time="0.455" /><testcase classname="tests.test_smartnoter.TestAuth" name="test_me" time="0.081" /><testcase classname="tests.test_smartnoter.TestAuth" name="test_me_unauth" time="0.124" /><testcase classname="tests.test_smartnoter.TestFolders" name="test_default_folders_seeded" time="0.090" /><testcase classname="tests.test_smartnoter.TestFolders" name="test_create_and_delete_folder" time="0.375" /><testcase classname="tests.test_smartnoter.TestTemplates" name="test_five_seeded" time="0.093" /><testcase classname="tests.test_smartnoter.TestStats" name="test_stats" time="0.083" /><testcase classname="tests.test_smartnoter.TestNotes" name="test_from_text_soap" time="6.265" /><testcase classname="tests.test_smartnoter.TestNotes" name="test_list_notes" time="0.089" /><testcase classname="tests.test_smartnoter.TestNotes" name="test_get_note" time="0.077" /><testcase classname="tests.test_smartnoter.TestNotes" name="test_patch_note" time="0.159" /><testcase classname="tests.test_smartnoter.TestNotes" name="test_delete_note" time="0.144" /></testsuite></testsuites>